<html>
<head>
<title>TestNG:  All Type of Applicant</title>
<link href="../testng.css" rel="stylesheet" type="text/css" />
<link href="../my-testng.css" rel="stylesheet" type="text/css" />

<style type="text/css">
.log { display: none;} 
.stack-trace { display: none;} 
</style>
<script type="text/javascript">
<!--
function flip(e) {
  current = e.style.display;
  if (current == 'block') {
    e.style.display = 'none';
    return 0;
  }
  else {
    e.style.display = 'block';
    return 1;
  }
}

function toggleBox(szDivId, elem, msg1, msg2)
{
  var res = -1;  if (document.getElementById) {
    res = flip(document.getElementById(szDivId));
  }
  else if (document.all) {
    // this is the way old msie versions work
    res = flip(document.all[szDivId]);
  }
  if(elem) {
    if(res == 0) elem.innerHTML = msg1; else elem.innerHTML = msg2;
  }

}

function toggleAllBoxes() {
  if (document.getElementsByTagName) {
    d = document.getElementsByTagName('div');
    for (i = 0; i < d.length; i++) {
      if (d[i].className == 'log') {
        flip(d[i]);
      }
    }
  }
}

// -->
</script>

</head>
<body>
<h2 align='center'>All Type of Applicant</h2><table border='1' align="center">
<tr>
<td>Tests passed/Failed/Skipped:</td><td>3/1/0</td>
</tr><tr>
<td>Started on:</td><td>Fri Jan 25 14:54:34 IST 2019</td>
</tr>
<tr><td>Total time:</td><td>359 seconds (359870 ms)</td>
</tr><tr>
<td>Included groups:</td><td></td>
</tr><tr>
<td>Excluded groups:</td><td></td>
</tr>
</table><p/>
<small><i>(Hover the method name to see the test class name)</i></small><p/>
<table width='100%' border='1' class='invocation-failed'>
<tr><td colspan='4' align='center'><b>FAILED TESTS</b></td></tr>
<tr><td><b>Test method</b></td>
<td width="30%"><b>Exception</b></td>
<td width="10%"><b>Time (seconds)</b></td>
<td><b>Instance</b></td>
</tr>
<tr>
<td title='com.uktd.qa.testcases.AgentToPurAgentFillFRTest.FullReportAgentToPurAgentFill()'><b>FullReportAgentToPurAgentFill</b><br>Test class: com.uktd.qa.testcases.AgentToPurAgentFillFRTest<br>Parameters: Full Profile, Agent to Purchase, I want to enter the full details of applicant now, L118LZ, 30 Broad Lane Norris Green Liverpool, 28/02/2019, 24 months, 18000, 100, Mr, Sagar, Kisan, Mohite, NA, 28/01/1994, Married, 02425261552, 0202255881, 9604328562, swapnilbhaskar@benchmarkitsolutions.com
, swapnilbhaskar@benchmarkitsolutions.com
, Passport, 2, 1, Currently Living with friends or family, M36GB, Apartment 2 Block B Alto Sillavan Way Salford, 28/02/2011, 28/02/2007, 28/02/2011, M36GB, Apartment 45 Block B Alto Sillavan Way Salford, X1 Lettings, AB117UE, 6 Deemount Gardens Aberdeen, 000000000, Miss, Priyanka, Gaikwad, 20555478, 9503999099, priyankagaikwad@benchmarkitsoluions.com, 1400, Direct Debit, 232323, 12121121, Dr, Vasim, Khan, PR56BL, UK Tennant Data Unit 9-10 South Preston Office Village Cuerden Way Bamber Bridge Preston, 2426261552, 9604328562, vasimkhan@benchmarkitsolutions.com
, Friend, 5, IND2018, Unemployed, 100, 200, 400, 500, 600, Test</td>
<td><div><pre>org.openqa.selenium.StaleElementReferenceException: stale element reference: element is not attached to the page document
  (Session info: chrome=71.0.3578.98)
  (Driver info: chromedriver=2.38.552522 (437e6fbedfa8762dec75e2c5b3ddb86763dc9dcb),platform=Windows NT 6.1.7601 SP1 x86_64) (WARNING: The server did not provide any stacktrace information)
Command duration or timeout: 0 milliseconds
For documentation on this error, please visit: http://seleniumhq.org/exceptions/stale_element_reference.html
Build info: version: &apos;3.141.5&apos;, revision: &apos;d54ebd709a&apos;, time: &apos;2018-11-06T11:42:16&apos;
System info: host: &apos;QA90&apos;, ip: &apos;192.168.1.101&apos;, os.name: &apos;Windows 7&apos;, os.arch: &apos;amd64&apos;, os.version: &apos;6.1&apos;, java.version: &apos;1.8.0_181&apos;
Driver info: org.openqa.selenium.chrome.ChromeDriver
Capabilities {acceptInsecureCerts: false, acceptSslCerts: false, applicationCacheEnabled: false, browserConnectionEnabled: false, browserName: chrome, chrome: {chromedriverVersion: 2.38.552522 (437e6fbedfa876..., userDataDir: C:\Users\swapnilb\AppData\L...}, cssSelectorsEnabled: true, databaseEnabled: false, handlesAlerts: true, hasTouchScreen: false, javascriptEnabled: true, locationContextEnabled: true, mobileEmulationEnabled: false, nativeEvents: true, networkConnectionEnabled: false, pageLoadStrategy: normal, platform: XP, platformName: XP, rotatable: false, setWindowRect: true, takesHeapSnapshot: true, takesScreenshot: true, unexpectedAlertBehaviour: , unhandledPromptBehavior: , version: 71.0.3578.98, webStorageEnabled: true}
Session ID: e26148285a75e95e6a22741a8bc203e7
*** Element info: {Using=xpath, value=.//option[normalize-space(.) = &quot;United Kingdom&quot;]}
	at org.openqa.selenium.remote.ErrorHandler.createThrowable(ErrorHandler.java:214)
	at org.openqa.selenium.remote.ErrorHandler.throwIfResponseFailed(ErrorHandler.java:166)
	at org.openqa.selenium.remote.http.JsonHttpResponseCodec.reconstructValue(JsonHttpResponseCodec.java:40)
	at org.openqa.selenium.remote.http.AbstractHttpResponseCodec.decode(AbstractHttpResponseCodec.java:80)
	at org.openqa.selenium.remote.http.AbstractHttpResponseCodec.decode(AbstractHttpResponseCodec.java:44)
	at org.openqa.selenium.remote.HttpCommandExecutor.execute(HttpCommandExecutor.java:158)
	at org.openqa.selenium.remote.service.DriverCommandExecutor.execute(DriverCommandExecutor.java:83)
	at org.openqa.selenium.remote.RemoteWebDriver.execute(RemoteWebDriver.java:552)
	at org.openqa.selenium.remote.RemoteWebElement.execute(RemoteWebElement.java:285)
	at org.openqa.selenium.remote.RemoteWebElement.findElements(RemoteWebElement.java:204)
	at org.openqa.selenium.remote.RemoteWebElement.findElementsByXPath(RemoteWebElement.java:265)
	at org.openqa.selenium.By$ByXPath.findElements(By.java:348)
	at org.openqa.selenium.remote.RemoteWebElement.findElements(RemoteWebElement.java:177)
	at org.openqa.selenium.support.events.EventFiringWebDriver$EventFiringWebElement.lambda$new$0(EventFiringWebDriver.java:404)
	at com.sun.proxy.$Proxy13.findElements(Unknown Source)
	at org.openqa.selenium.support.events.EventFiringWebDriver$EventFiringWebElement.findElements(EventFiringWebDriver.java:504)
	at org.openqa.selenium.support.pagefactory.internal.LocatingElementHandler.invoke(LocatingElementHandler.java:51)
	at com.sun.proxy.$Proxy12.findElements(Unknown Source)
	at org.openqa.selenium.support.ui.Select.selectByVisibleText(Select.java:107)
	at com.uktd.qa.pages.StepFivePage.fillStepFive(StepFivePage.java:54)
	at com.uktd.qa.testcases.AgentToPurAgentFillFRTest.FullReportAgentToPurAgentFill(AgentToPurAgentFillFRTest.java:90)
... Removed 35 stack frames</pre></div><a href='#' onClick='toggleBox("stack-trace1945915791", this, "Click to show all stack frames", "Click to hide stack frames")'>Click to show all stack frames</a>
<div class='stack-trace' id='stack-trace1945915791'><pre>org.openqa.selenium.StaleElementReferenceException: stale element reference: element is not attached to the page document
  (Session info: chrome=71.0.3578.98)
  (Driver info: chromedriver=2.38.552522 (437e6fbedfa8762dec75e2c5b3ddb86763dc9dcb),platform=Windows NT 6.1.7601 SP1 x86_64) (WARNING: The server did not provide any stacktrace information)
Command duration or timeout: 0 milliseconds
For documentation on this error, please visit: http://seleniumhq.org/exceptions/stale_element_reference.html
Build info: version: &apos;3.141.5&apos;, revision: &apos;d54ebd709a&apos;, time: &apos;2018-11-06T11:42:16&apos;
System info: host: &apos;QA90&apos;, ip: &apos;192.168.1.101&apos;, os.name: &apos;Windows 7&apos;, os.arch: &apos;amd64&apos;, os.version: &apos;6.1&apos;, java.version: &apos;1.8.0_181&apos;
Driver info: org.openqa.selenium.chrome.ChromeDriver
Capabilities {acceptInsecureCerts: false, acceptSslCerts: false, applicationCacheEnabled: false, browserConnectionEnabled: false, browserName: chrome, chrome: {chromedriverVersion: 2.38.552522 (437e6fbedfa876..., userDataDir: C:\Users\swapnilb\AppData\L...}, cssSelectorsEnabled: true, databaseEnabled: false, handlesAlerts: true, hasTouchScreen: false, javascriptEnabled: true, locationContextEnabled: true, mobileEmulationEnabled: false, nativeEvents: true, networkConnectionEnabled: false, pageLoadStrategy: normal, platform: XP, platformName: XP, rotatable: false, setWindowRect: true, takesHeapSnapshot: true, takesScreenshot: true, unexpectedAlertBehaviour: , unhandledPromptBehavior: , version: 71.0.3578.98, webStorageEnabled: true}
Session ID: e26148285a75e95e6a22741a8bc203e7
*** Element info: {Using=xpath, value=.//option[normalize-space(.) = &quot;United Kingdom&quot;]}
	at sun.reflect.NativeConstructorAccessorImpl.newInstance0(Native Method)
	at sun.reflect.NativeConstructorAccessorImpl.newInstance(Unknown Source)
	at sun.reflect.DelegatingConstructorAccessorImpl.newInstance(Unknown Source)
	at java.lang.reflect.Constructor.newInstance(Unknown Source)
	at org.openqa.selenium.remote.ErrorHandler.createThrowable(ErrorHandler.java:214)
	at org.openqa.selenium.remote.ErrorHandler.throwIfResponseFailed(ErrorHandler.java:166)
	at org.openqa.selenium.remote.http.JsonHttpResponseCodec.reconstructValue(JsonHttpResponseCodec.java:40)
	at org.openqa.selenium.remote.http.AbstractHttpResponseCodec.decode(AbstractHttpResponseCodec.java:80)
	at org.openqa.selenium.remote.http.AbstractHttpResponseCodec.decode(AbstractHttpResponseCodec.java:44)
	at org.openqa.selenium.remote.HttpCommandExecutor.execute(HttpCommandExecutor.java:158)
	at org.openqa.selenium.remote.service.DriverCommandExecutor.execute(DriverCommandExecutor.java:83)
	at org.openqa.selenium.remote.RemoteWebDriver.execute(RemoteWebDriver.java:552)
	at org.openqa.selenium.remote.RemoteWebElement.execute(RemoteWebElement.java:285)
	at org.openqa.selenium.remote.RemoteWebElement.findElements(RemoteWebElement.java:204)
	at org.openqa.selenium.remote.RemoteWebElement.findElementsByXPath(RemoteWebElement.java:265)
	at org.openqa.selenium.By$ByXPath.findElements(By.java:348)
	at org.openqa.selenium.remote.RemoteWebElement.findElements(RemoteWebElement.java:177)
	at sun.reflect.GeneratedMethodAccessor11.invoke(Unknown Source)
	at sun.reflect.DelegatingMethodAccessorImpl.invoke(Unknown Source)
	at java.lang.reflect.Method.invoke(Unknown Source)
	at org.openqa.selenium.support.events.EventFiringWebDriver$EventFiringWebElement.lambda$new$0(EventFiringWebDriver.java:404)
	at com.sun.proxy.$Proxy13.findElements(Unknown Source)
	at org.openqa.selenium.support.events.EventFiringWebDriver$EventFiringWebElement.findElements(EventFiringWebDriver.java:504)
	at sun.reflect.GeneratedMethodAccessor11.invoke(Unknown Source)
	at sun.reflect.DelegatingMethodAccessorImpl.invoke(Unknown Source)
	at java.lang.reflect.Method.invoke(Unknown Source)
	at org.openqa.selenium.support.pagefactory.internal.LocatingElementHandler.invoke(LocatingElementHandler.java:51)
	at com.sun.proxy.$Proxy12.findElements(Unknown Source)
	at org.openqa.selenium.support.ui.Select.selectByVisibleText(Select.java:107)
	at com.uktd.qa.pages.StepFivePage.fillStepFive(StepFivePage.java:54)
	at com.uktd.qa.testcases.AgentToPurAgentFillFRTest.FullReportAgentToPurAgentFill(AgentToPurAgentFillFRTest.java:90)
	at sun.reflect.NativeMethodAccessorImpl.invoke0(Native Method)
	at sun.reflect.NativeMethodAccessorImpl.invoke(Unknown Source)
	at sun.reflect.DelegatingMethodAccessorImpl.invoke(Unknown Source)
	at java.lang.reflect.Method.invoke(Unknown Source)
	at org.testng.internal.MethodInvocationHelper.invokeMethod(MethodInvocationHelper.java:124)
	at org.testng.internal.Invoker.invokeMethod(Invoker.java:583)
	at org.testng.internal.Invoker.invokeTestMethod(Invoker.java:719)
	at org.testng.internal.Invoker.invokeTestMethods(Invoker.java:989)
	at org.testng.internal.TestMethodWorker.invokeTestMethods(TestMethodWorker.java:125)
	at org.testng.internal.TestMethodWorker.run(TestMethodWorker.java:109)
	at org.testng.TestRunner.privateRun(TestRunner.java:648)
	at org.testng.TestRunner.run(TestRunner.java:505)
	at org.testng.SuiteRunner.runTest(SuiteRunner.java:455)
	at org.testng.SuiteRunner.runSequentially(SuiteRunner.java:450)
	at org.testng.SuiteRunner.privateRun(SuiteRunner.java:415)
	at org.testng.SuiteRunner.run(SuiteRunner.java:364)
	at org.testng.SuiteRunnerWorker.runSuite(SuiteRunnerWorker.java:52)
	at org.testng.SuiteRunnerWorker.run(SuiteRunnerWorker.java:84)
	at org.testng.TestNG.runSuitesSequentially(TestNG.java:1208)
	at org.testng.TestNG.runSuitesLocally(TestNG.java:1137)
	at org.testng.TestNG.runSuites(TestNG.java:1049)
	at org.testng.TestNG.run(TestNG.java:1017)
	at org.testng.remote.AbstractRemoteTestNG.run(AbstractRemoteTestNG.java:114)
	at org.testng.remote.RemoteTestNG.initAndRun(RemoteTestNG.java:251)
	at org.testng.remote.RemoteTestNG.main(RemoteTestNG.java:77)
</pre></div></td>
<td>38</td>
<td>com.uktd.qa.testcases.AgentToPurAgentFillFRTest@31ef45e3</td></tr>
</table><p>
<table width='100%' border='1' class='invocation-passed'>
<tr><td colspan='4' align='center'><b>PASSED TESTS</b></td></tr>
<tr><td><b>Test method</b></td>
<td width="30%"><b>Exception</b></td>
<td width="10%"><b>Time (seconds)</b></td>
<td><b>Instance</b></td>
</tr>
<tr>
<td title='com.uktd.qa.testcases.AgentToPurAgentFillCRTest.AgentToPurAgentFillCR()'><b>AgentToPurAgentFillCR</b><br>Test class: com.uktd.qa.testcases.AgentToPurAgentFillCRTest<br>Parameters: Credit Report Only, Agent to Purchase, I want to enter the full details of applicant now, L118LZ, 30 Broad Lane Norris Green Liverpool, 28/02/2019, 24 months, 18000, 100, Mr, Sumit, Karan, Kumar, NA, 28/01/1994, Married, 02425261552, 0202255881, 9604328562, swapnilbhaskar@benchmarkitsolutions.com
, swapnilbhaskar@benchmarkitsolutions.com
, Passport, 232323, 12121121, M36GB, Apartment 2 Block B Alto Sillavan Way Salford, 28/02/2011, 2, 1</td>
<td></td>
<td>21</td>
<td>com.uktd.qa.testcases.AgentToPurAgentFillCRTest@598067a5</td></tr>
<tr>
<td title='com.uktd.qa.testcases.TenantToPurTenantFillCR.CreditReportTenantToPurTenantFill()'><b>CreditReportTenantToPurTenantFill</b><br>Test class: com.uktd.qa.testcases.TenantToPurTenantFillCR<br>Parameters: Credit Report Only, Tenant to Purchase, Applicant to complete their own application online, L118LZ, 26 Broad Lane Norris Green Liverpool, 28/02/2019, 24 months, 18000, 100, Mr, Mayur, Mane, 9604328562, swapnilbhaskar@benchmarkitsolutions.com
, swapnilbhaskar@benchmarkitsolutions.com
, Kisan, NA, 28/01/1994, Married, 02425261552, 0202255881, Passport, 232323, 12121121, M36GB, Apartment 2 Block B Alto Sillavan Way Salford, 28/02/2011, 2, 1</td>
<td></td>
<td>67</td>
<td>com.uktd.qa.testcases.TenantToPurTenantFillCR@3c0ecd4b</td></tr>
<tr>
<td title='com.uktd.qa.testcases.TenantToPurTenantFillFR.FullReportTenantToPurTenantFill()'><b>FullReportTenantToPurTenantFill</b><br>Test class: com.uktd.qa.testcases.TenantToPurTenantFillFR<br>Parameters: Full Profile, Tenant to Purchase, Applicant to complete their own application online, L118LZ, 30 Broad Lane Norris Green Liverpool, 28/02/2019, 24 months, 18000, 100, Mr, Ketan, Kumar, 9604328562, swapnilbhaskar@benchmarkitsolutions.com
, swapnilbhaskar@benchmarkitsolutions.com
, Kisan, NA, 28/01/1994, Married, 02425261552, 0202255881, Passport, 2, 1, Currently Living with friends or family, M36GB, Apartment 4 Block B Alto Sillavan Way Salford, 28/02/2011, 28/02/2007, 28/02/2011, M36GB, Apartment 45 Block B Alto Sillavan Way Salford, L118LZ, 30 Broad Lane Norris Green Liverpool, 123456890, Miss, James, Vilshere, 9604328562, 7020678830, amitbaghel@benchmarkitsolutions.com, 1400, Direct Debit, 232323, 12121121, Dr, Vasim, Khan, PR56BL, UK Tennant Data Unit 9-10 South Preston Office Village Cuerden Way Bamber Bridge Preston, 2426261552, 9604328562, vasimkhan@benchmarkitsolutions.com
, Friend, 5, IND2018, Employed, Bemchmark IT Solutions India Pvt Ltd, QA, M36GB, Apartment 3 Block B Alto Sillavan Way Salford, 02022556698, 000000000, Miss, Tripti, Poddar, 02312545006, swapnilbhaskar@benchmarkitsolutions.com, QA, 17/04/2017, 280000, 1500, 100, 200, 400, 500, 600, Test</td>
<td></td>
<td>111</td>
<td>com.uktd.qa.testcases.TenantToPurTenantFillFR@14bf9759</td></tr>
</table><p>
</body>
</html>